{
  "functions": [
    {
      "name": "main",
      "instrs": [
        {
          "dest": "zero",
          "op": "const",
          "type": "int",
          "value": 0
        },
        {
          "dest": "ten",
          "op": "const",
          "type": "int",
          "value": 10
        },
        {
          "dest": "sum",
          "op": "const",
          "type": "int",
          "value": 0
        },
        {
          "args": [
            "input"
          ],
          "dest": "digits",
          "funcs": [
            "getDigits"
          ],
          "op": "call",
          "type": "int"
        },
        {
          "dest": "ten",
          "op": "const",
          "type": "int",
          "value": 10
        },
        {
          "dest": "zero",
          "op": "const",
          "type": "int",
          "value": 0
        },
        {
          "dest": "one",
          "op": "const",
          "type": "int",
          "value": 1
        },
        {
          "args": [
            "n",
            "ten"
          ],
          "dest": "div",
          "op": "div",
          "type": "int"
        },
        {
          "args": [
            "div",
            "zero"
          ],
          "dest": "cond",
          "op": "eq",
          "type": "bool"
        },
        {
          "args": [
            "cond"
          ],
          "labels": [
            "then",
            "else"
          ],
          "op": "br"
        },
        {
          "args": [
            "div"
          ],
          "dest": "rec",
          "funcs": [
            "getDigits"
          ],
          "op": "call",
          "type": "int"
        },
        {
          "dest": "ten",
          "op": "const",
          "type": "int",
          "value": 10
        },
        {
          "dest": "zero",
          "op": "const",
          "type": "int",
          "value": 0
        },
        {
          "dest": "one",
          "op": "const",
          "type": "int",
          "value": 1
        },
        {
          "args": [
            "n",
            "ten"
          ],
          "dest": "div",
          "op": "div",
          "type": "int"
        },
        {
          "args": [
            "div",
            "zero"
          ],
          "dest": "cond",
          "op": "eq",
          "type": "bool"
        },
        {
          "args": [
            "cond"
          ],
          "labels": [
            "then",
            "else"
          ],
          "op": "br"
        },
        {
          "args": [
            "div"
          ],
          "dest": "rec",
          "funcs": [
            "getDigits"
          ],
          "op": "call",
          "type": "int"
        },
        {
          "dest": "ten",
          "op": "const",
          "type": "int",
          "value": 10
        },
        {
          "dest": "zero",
          "op": "const",
          "type": "int",
          "value": 0
        },
        {
          "dest": "one",
          "op": "const",
          "type": "int",
          "value": 1
        },
        {
          "args": [
            "n",
            "ten"
          ],
          "dest": "div",
          "op": "div",
          "type": "int"
        },
        {
          "args": [
            "div",
            "zero"
          ],
          "dest": "cond",
          "op": "eq",
          "type": "bool"
        },
        {
          "args": [
            "cond"
          ],
          "labels": [
            "then",
            "else"
          ],
          "op": "br"
        },
        {
          "args": [
            "one"
          ],
          "op": "ret"
        },
        {
          "args": [
            "rec",
            "one"
          ],
          "dest": "res",
          "op": "add",
          "type": "int"
        },
        {
          "args": [
            "res"
          ],
          "op": "ret"
        },
        {
          "args": [
            "rec",
            "one"
          ],
          "dest": "res",
          "op": "add",
          "type": "int"
        },
        {
          "args": [
            "res"
          ],
          "op": "ret"
        },
        {
          "args": [
            "input"
          ],
          "dest": "tmp",
          "op": "id",
          "type": "int"
        },
        {
          "args": [
            "tmp",
            "zero"
          ],
          "dest": "b",
          "op": "gt",
          "type": "bool"
        },
        {
          "args": [
            "b"
          ],
          "labels": [
            "body",
            "done"
          ],
          "op": "br"
        },
        {
          "args": [
            "tmp",
            "ten"
          ],
          "dest": "digit",
          "funcs": [
            "mod"
          ],
          "op": "call",
          "type": "int"
        },
        {
          "args": [
            "a",
            "b"
          ],
          "dest": "q",
          "op": "div",
          "type": "int"
        },
        {
          "args": [
            "b",
            "q"
          ],
          "dest": "aq",
          "op": "mul",
          "type": "int"
        },
        {
          "args": [
            "a",
            "aq"
          ],
          "dest": "mod",
          "op": "sub",
          "type": "int"
        },
        {
          "args": [
            "mod"
          ],
          "op": "ret"
        },
        {
          "args": [
            "digit",
            "digits"
          ],
          "dest": "pow",
          "funcs": [
            "power"
          ],
          "op": "call",
          "type": "int"
        },
        {
          "dest": "ten",
          "op": "const",
          "type": "int",
          "value": 10
        },
        {
          "dest": "zero",
          "op": "const",
          "type": "int",
          "value": 0
        },
        {
          "dest": "one",
          "op": "const",
          "type": "int",
          "value": 1
        },
        {
          "dest": "res",
          "op": "const",
          "type": "int",
          "value": 1
        },
        {
          "args": [
            "exp",
            "zero"
          ],
          "dest": "b",
          "op": "eq",
          "type": "bool"
        },
        {
          "args": [
            "b"
          ],
          "labels": [
            "done",
            "body"
          ],
          "op": "br"
        },
        {
          "args": [
            "res",
            "base"
          ],
          "dest": "res",
          "op": "mul",
          "type": "int"
        },
        {
          "args": [
            "exp",
            "one"
          ],
          "dest": "exp",
          "op": "sub",
          "type": "int"
        },
        {
          "labels": [
            "loop"
          ],
          "op": "jmp"
        },
        {
          "args": [
            "exp",
            "zero"
          ],
          "dest": "b",
          "op": "eq",
          "type": "bool"
        },
        {
          "args": [
            "b"
          ],
          "labels": [
            "done",
            "body"
          ],
          "op": "br"
        },
        {
          "args": [
            "res",
            "base"
          ],
          "dest": "res",
          "op": "mul",
          "type": "int"
        },
        {
          "args": [
            "exp",
            "one"
          ],
          "dest": "exp",
          "op": "sub",
          "type": "int"
        },
        {
          "labels": [
            "loop"
          ],
          "op": "jmp"
        },
        {
          "args": [
            "exp",
            "zero"
          ],
          "dest": "b",
          "op": "eq",
          "type": "bool"
        },
        {
          "args": [
            "b"
          ],
          "labels": [
            "done",
            "body"
          ],
          "op": "br"
        },
        {
          "args": [
            "res",
            "base"
          ],
          "dest": "res",
          "op": "mul",
          "type": "int"
        },
        {
          "args": [
            "exp",
            "one"
          ],
          "dest": "exp",
          "op": "sub",
          "type": "int"
        },
        {
          "labels": [
            "loop"
          ],
          "op": "jmp"
        },
        {
          "args": [
            "exp",
            "zero"
          ],
          "dest": "b",
          "op": "eq",
          "type": "bool"
        },
        {
          "args": [
            "b"
          ],
          "labels": [
            "done",
            "body"
          ],
          "op": "br"
        },
        {
          "args": [
            "res"
          ],
          "op": "ret"
        },
        {
          "args": [
            "sum",
            "pow"
          ],
          "dest": "sum",
          "op": "add",
          "type": "int"
        },
        {
          "args": [
            "tmp",
            "ten"
          ],
          "dest": "tmp",
          "op": "div",
          "type": "int"
        },
        {
          "labels": [
            "loop"
          ],
          "op": "jmp"
        },
        {
          "args": [
            "tmp",
            "zero"
          ],
          "dest": "b",
          "op": "gt",
          "type": "bool"
        },
        {
          "args": [
            "b"
          ],
          "labels": [
            "body",
            "done"
          ],
          "op": "br"
        },
        {
          "args": [
            "tmp",
            "ten"
          ],
          "dest": "digit",
          "funcs": [
            "mod"
          ],
          "op": "call",
          "type": "int"
        },
        {
          "args": [
            "a",
            "b"
          ],
          "dest": "q",
          "op": "div",
          "type": "int"
        },
        {
          "args": [
            "b",
            "q"
          ],
          "dest": "aq",
          "op": "mul",
          "type": "int"
        },
        {
          "args": [
            "a",
            "aq"
          ],
          "dest": "mod",
          "op": "sub",
          "type": "int"
        },
        {
          "args": [
            "mod"
          ],
          "op": "ret"
        },
        {
          "args": [
            "digit",
            "digits"
          ],
          "dest": "pow",
          "funcs": [
            "power"
          ],
          "op": "call",
          "type": "int"
        },
        {
          "dest": "ten",
          "op": "const",
          "type": "int",
          "value": 10
        },
        {
          "dest": "zero",
          "op": "const",
          "type": "int",
          "value": 0
        },
        {
          "dest": "one",
          "op": "const",
          "type": "int",
          "value": 1
        },
        {
          "dest": "res",
          "op": "const",
          "type": "int",
          "value": 1
        },
        {
          "args": [
            "exp",
            "zero"
          ],
          "dest": "b",
          "op": "eq",
          "type": "bool"
        },
        {
          "args": [
            "b"
          ],
          "labels": [
            "done",
            "body"
          ],
          "op": "br"
        },
        {
          "args": [
            "res",
            "base"
          ],
          "dest": "res",
          "op": "mul",
          "type": "int"
        },
        {
          "args": [
            "exp",
            "one"
          ],
          "dest": "exp",
          "op": "sub",
          "type": "int"
        },
        {
          "labels": [
            "loop"
          ],
          "op": "jmp"
        },
        {
          "args": [
            "exp",
            "zero"
          ],
          "dest": "b",
          "op": "eq",
          "type": "bool"
        },
        {
          "args": [
            "b"
          ],
          "labels": [
            "done",
            "body"
          ],
          "op": "br"
        },
        {
          "args": [
            "res",
            "base"
          ],
          "dest": "res",
          "op": "mul",
          "type": "int"
        },
        {
          "args": [
            "exp",
            "one"
          ],
          "dest": "exp",
          "op": "sub",
          "type": "int"
        },
        {
          "labels": [
            "loop"
          ],
          "op": "jmp"
        },
        {
          "args": [
            "exp",
            "zero"
          ],
          "dest": "b",
          "op": "eq",
          "type": "bool"
        },
        {
          "args": [
            "b"
          ],
          "labels": [
            "done",
            "body"
          ],
          "op": "br"
        },
        {
          "args": [
            "res",
            "base"
          ],
          "dest": "res",
          "op": "mul",
          "type": "int"
        },
        {
          "args": [
            "exp",
            "one"
          ],
          "dest": "exp",
          "op": "sub",
          "type": "int"
        },
        {
          "labels": [
            "loop"
          ],
          "op": "jmp"
        },
        {
          "args": [
            "exp",
            "zero"
          ],
          "dest": "b",
          "op": "eq",
          "type": "bool"
        },
        {
          "args": [
            "b"
          ],
          "labels": [
            "done",
            "body"
          ],
          "op": "br"
        },
        {
          "args": [
            "res"
          ],
          "op": "ret"
        },
        {
          "args": [
            "sum",
            "pow"
          ],
          "dest": "sum",
          "op": "add",
          "type": "int"
        },
        {
          "args": [
            "tmp",
            "ten"
          ],
          "dest": "tmp",
          "op": "div",
          "type": "int"
        },
        {
          "labels": [
            "loop"
          ],
          "op": "jmp"
        },
        {
          "args": [
            "tmp",
            "zero"
          ],
          "dest": "b",
          "op": "gt",
          "type": "bool"
        },
        {
          "args": [
            "b"
          ],
          "labels": [
            "body",
            "done"
          ],
          "op": "br"
        },
        {
          "args": [
            "tmp",
            "ten"
          ],
          "dest": "digit",
          "funcs": [
            "mod"
          ],
          "op": "call",
          "type": "int"
        },
        {
          "args": [
            "a",
            "b"
          ],
          "dest": "q",
          "op": "div",
          "type": "int"
        },
        {
          "args": [
            "b",
            "q"
          ],
          "dest": "aq",
          "op": "mul",
          "type": "int"
        },
        {
          "args": [
            "a",
            "aq"
          ],
          "dest": "mod",
          "op": "sub",
          "type": "int"
        },
        {
          "args": [
            "mod"
          ],
          "op": "ret"
        },
        {
          "args": [
            "digit",
            "digits"
          ],
          "dest": "pow",
          "funcs": [
            "power"
          ],
          "op": "call",
          "type": "int"
        },
        {
          "dest": "ten",
          "op": "const",
          "type": "int",
          "value": 10
        },
        {
          "dest": "zero",
          "op": "const",
          "type": "int",
          "value": 0
        },
        {
          "dest": "one",
          "op": "const",
          "type": "int",
          "value": 1
        },
        {
          "dest": "res",
          "op": "const",
          "type": "int",
          "value": 1
        },
        {
          "args": [
            "exp",
            "zero"
          ],
          "dest": "b",
          "op": "eq",
          "type": "bool"
        },
        {
          "args": [
            "b"
          ],
          "labels": [
            "done",
            "body"
          ],
          "op": "br"
        },
        {
          "args": [
            "res",
            "base"
          ],
          "dest": "res",
          "op": "mul",
          "type": "int"
        },
        {
          "args": [
            "exp",
            "one"
          ],
          "dest": "exp",
          "op": "sub",
          "type": "int"
        },
        {
          "labels": [
            "loop"
          ],
          "op": "jmp"
        },
        {
          "args": [
            "exp",
            "zero"
          ],
          "dest": "b",
          "op": "eq",
          "type": "bool"
        },
        {
          "args": [
            "b"
          ],
          "labels": [
            "done",
            "body"
          ],
          "op": "br"
        },
        {
          "args": [
            "res",
            "base"
          ],
          "dest": "res",
          "op": "mul",
          "type": "int"
        },
        {
          "args": [
            "exp",
            "one"
          ],
          "dest": "exp",
          "op": "sub",
          "type": "int"
        },
        {
          "labels": [
            "loop"
          ],
          "op": "jmp"
        },
        {
          "args": [
            "exp",
            "zero"
          ],
          "dest": "b",
          "op": "eq",
          "type": "bool"
        },
        {
          "args": [
            "b"
          ],
          "labels": [
            "done",
            "body"
          ],
          "op": "br"
        },
        {
          "args": [
            "res",
            "base"
          ],
          "dest": "res",
          "op": "mul",
          "type": "int"
        },
        {
          "args": [
            "exp",
            "one"
          ],
          "dest": "exp",
          "op": "sub",
          "type": "int"
        },
        {
          "labels": [
            "loop"
          ],
          "op": "jmp"
        },
        {
          "args": [
            "exp",
            "zero"
          ],
          "dest": "b",
          "op": "eq",
          "type": "bool"
        },
        {
          "args": [
            "b"
          ],
          "labels": [
            "done",
            "body"
          ],
          "op": "br"
        },
        {
          "args": [
            "res"
          ],
          "op": "ret"
        },
        {
          "args": [
            "sum",
            "pow"
          ],
          "dest": "sum",
          "op": "add",
          "type": "int"
        },
        {
          "args": [
            "tmp",
            "ten"
          ],
          "dest": "tmp",
          "op": "div",
          "type": "int"
        },
        {
          "labels": [
            "loop"
          ],
          "op": "jmp"
        },
        {
          "args": [
            "tmp",
            "zero"
          ],
          "dest": "b",
          "op": "gt",
          "type": "bool"
        },
        {
          "args": [
            "b"
          ],
          "labels": [
            "body",
            "done"
          ],
          "op": "br"
        },
        {
          "args": [
            "input",
            "sum"
          ],
          "dest": "res",
          "op": "eq",
          "type": "bool"
        },
        {
          "args": [
            "res"
          ],
          "op": "print"
        }
      ]
    }
  ]
}
