{
  "functions": [
    {
      "name": "main",
      "instrs": [
        {
          "dest": "zero",
          "op": "const",
          "type": "int",
          "value": 0
        },
        {
          "dest": "ten",
          "op": "const",
          "type": "int",
          "value": 10
        },
        {
          "dest": "result",
          "op": "const",
          "type": "int",
          "value": 0
        },
        {
          "args": [
            "input"
          ],
          "dest": "digit",
          "funcs": [
            "peel_last_digit"
          ],
          "op": "call",
          "type": "int"
        },
        {
          "dest": "ten",
          "op": "const",
          "type": "int",
          "value": 10
        },
        {
          "args": [
            "input",
            "ten"
          ],
          "dest": "div_by_ten",
          "op": "div",
          "type": "int"
        },
        {
          "args": [
            "div_by_ten",
            "ten"
          ],
          "dest": "mul_by_ten",
          "op": "mul",
          "type": "int"
        },
        {
          "args": [
            "input",
            "mul_by_ten"
          ],
          "dest": "last_digit",
          "op": "sub",
          "type": "int"
        },
        {
          "args": [
            "last_digit"
          ],
          "op": "ret"
        },
        {
          "args": [
            "input",
            "ten"
          ],
          "dest": "input",
          "op": "div",
          "type": "int"
        },
        {
          "args": [
            "result",
            "digit"
          ],
          "dest": "result",
          "op": "add",
          "type": "int"
        },
        {
          "args": [
            "result"
          ],
          "op": "print"
        },
        {
          "args": [
            "result"
          ],
          "dest": "processed",
          "funcs": [
            "is_single_digit"
          ],
          "op": "call",
          "type": "bool"
        },
        {
          "dest": "ten",
          "op": "const",
          "type": "int",
          "value": 10
        },
        {
          "dest": "zero",
          "op": "const",
          "type": "int",
          "value": 0
        },
        {
          "args": [
            "input",
            "ten"
          ],
          "dest": "divided",
          "op": "div",
          "type": "int"
        },
        {
          "args": [
            "divided",
            "ten"
          ],
          "dest": "mul_by_ten",
          "op": "mul",
          "type": "int"
        },
        {
          "args": [
            "mul_by_ten",
            "zero"
          ],
          "dest": "result",
          "op": "eq",
          "type": "bool"
        },
        {
          "args": [
            "result"
          ],
          "op": "ret"
        },
        {
          "args": [
            "processed"
          ],
          "labels": [
            "check_done",
            "process_result"
          ],
          "op": "br"
        },
        {
          "args": [
            "input",
            "zero"
          ],
          "dest": "done",
          "op": "eq",
          "type": "bool"
        },
        {
          "args": [
            "done"
          ],
          "labels": [
            "done",
            "begin"
          ],
          "op": "br"
        },
        {
          "args": [
            "input"
          ],
          "dest": "digit",
          "funcs": [
            "peel_last_digit"
          ],
          "op": "call",
          "type": "int"
        },
        {
          "dest": "ten",
          "op": "const",
          "type": "int",
          "value": 10
        },
        {
          "args": [
            "input",
            "ten"
          ],
          "dest": "div_by_ten",
          "op": "div",
          "type": "int"
        },
        {
          "args": [
            "div_by_ten",
            "ten"
          ],
          "dest": "mul_by_ten",
          "op": "mul",
          "type": "int"
        },
        {
          "args": [
            "input",
            "mul_by_ten"
          ],
          "dest": "last_digit",
          "op": "sub",
          "type": "int"
        },
        {
          "args": [
            "last_digit"
          ],
          "op": "ret"
        },
        {
          "args": [
            "input",
            "ten"
          ],
          "dest": "input",
          "op": "div",
          "type": "int"
        },
        {
          "args": [
            "result",
            "digit"
          ],
          "dest": "result",
          "op": "add",
          "type": "int"
        },
        {
          "args": [
            "result"
          ],
          "op": "print"
        },
        {
          "args": [
            "result"
          ],
          "dest": "processed",
          "funcs": [
            "is_single_digit"
          ],
          "op": "call",
          "type": "bool"
        },
        {
          "dest": "ten",
          "op": "const",
          "type": "int",
          "value": 10
        },
        {
          "dest": "zero",
          "op": "const",
          "type": "int",
          "value": 0
        },
        {
          "args": [
            "input",
            "ten"
          ],
          "dest": "divided",
          "op": "div",
          "type": "int"
        },
        {
          "args": [
            "divided",
            "ten"
          ],
          "dest": "mul_by_ten",
          "op": "mul",
          "type": "int"
        },
        {
          "args": [
            "mul_by_ten",
            "zero"
          ],
          "dest": "result",
          "op": "eq",
          "type": "bool"
        },
        {
          "args": [
            "result"
          ],
          "op": "ret"
        },
        {
          "args": [
            "processed"
          ],
          "labels": [
            "check_done",
            "process_result"
          ],
          "op": "br"
        },
        {
          "args": [
            "input",
            "zero"
          ],
          "dest": "done",
          "op": "eq",
          "type": "bool"
        },
        {
          "args": [
            "done"
          ],
          "labels": [
            "done",
            "begin"
          ],
          "op": "br"
        },
        {
          "args": [
            "input"
          ],
          "dest": "digit",
          "funcs": [
            "peel_last_digit"
          ],
          "op": "call",
          "type": "int"
        },
        {
          "dest": "ten",
          "op": "const",
          "type": "int",
          "value": 10
        },
        {
          "args": [
            "input",
            "ten"
          ],
          "dest": "div_by_ten",
          "op": "div",
          "type": "int"
        },
        {
          "args": [
            "div_by_ten",
            "ten"
          ],
          "dest": "mul_by_ten",
          "op": "mul",
          "type": "int"
        },
        {
          "args": [
            "input",
            "mul_by_ten"
          ],
          "dest": "last_digit",
          "op": "sub",
          "type": "int"
        },
        {
          "args": [
            "last_digit"
          ],
          "op": "ret"
        },
        {
          "args": [
            "input",
            "ten"
          ],
          "dest": "input",
          "op": "div",
          "type": "int"
        },
        {
          "args": [
            "result",
            "digit"
          ],
          "dest": "result",
          "op": "add",
          "type": "int"
        },
        {
          "args": [
            "result"
          ],
          "op": "print"
        },
        {
          "args": [
            "result"
          ],
          "dest": "processed",
          "funcs": [
            "is_single_digit"
          ],
          "op": "call",
          "type": "bool"
        },
        {
          "dest": "ten",
          "op": "const",
          "type": "int",
          "value": 10
        },
        {
          "dest": "zero",
          "op": "const",
          "type": "int",
          "value": 0
        },
        {
          "args": [
            "input",
            "ten"
          ],
          "dest": "divided",
          "op": "div",
          "type": "int"
        },
        {
          "args": [
            "divided",
            "ten"
          ],
          "dest": "mul_by_ten",
          "op": "mul",
          "type": "int"
        },
        {
          "args": [
            "mul_by_ten",
            "zero"
          ],
          "dest": "result",
          "op": "eq",
          "type": "bool"
        },
        {
          "args": [
            "result"
          ],
          "op": "ret"
        },
        {
          "args": [
            "processed"
          ],
          "labels": [
            "check_done",
            "process_result"
          ],
          "op": "br"
        },
        {
          "args": [
            "result"
          ],
          "dest": "r0",
          "funcs": [
            "peel_last_digit"
          ],
          "op": "call",
          "type": "int"
        },
        {
          "dest": "ten",
          "op": "const",
          "type": "int",
          "value": 10
        },
        {
          "args": [
            "input",
            "ten"
          ],
          "dest": "div_by_ten",
          "op": "div",
          "type": "int"
        },
        {
          "args": [
            "div_by_ten",
            "ten"
          ],
          "dest": "mul_by_ten",
          "op": "mul",
          "type": "int"
        },
        {
          "args": [
            "input",
            "mul_by_ten"
          ],
          "dest": "last_digit",
          "op": "sub",
          "type": "int"
        },
        {
          "args": [
            "last_digit"
          ],
          "op": "ret"
        },
        {
          "args": [
            "result",
            "ten"
          ],
          "dest": "result",
          "op": "div",
          "type": "int"
        },
        {
          "args": [
            "result",
            "r0"
          ],
          "dest": "result",
          "op": "add",
          "type": "int"
        },
        {
          "labels": [
            "check_result"
          ],
          "op": "jmp"
        },
        {
          "args": [
            "result"
          ],
          "op": "print"
        },
        {
          "args": [
            "result"
          ],
          "dest": "processed",
          "funcs": [
            "is_single_digit"
          ],
          "op": "call",
          "type": "bool"
        },
        {
          "dest": "ten",
          "op": "const",
          "type": "int",
          "value": 10
        },
        {
          "dest": "zero",
          "op": "const",
          "type": "int",
          "value": 0
        },
        {
          "args": [
            "input",
            "ten"
          ],
          "dest": "divided",
          "op": "div",
          "type": "int"
        },
        {
          "args": [
            "divided",
            "ten"
          ],
          "dest": "mul_by_ten",
          "op": "mul",
          "type": "int"
        },
        {
          "args": [
            "mul_by_ten",
            "zero"
          ],
          "dest": "result",
          "op": "eq",
          "type": "bool"
        },
        {
          "args": [
            "result"
          ],
          "op": "ret"
        },
        {
          "args": [
            "processed"
          ],
          "labels": [
            "check_done",
            "process_result"
          ],
          "op": "br"
        },
        {
          "args": [
            "input",
            "zero"
          ],
          "dest": "done",
          "op": "eq",
          "type": "bool"
        },
        {
          "args": [
            "done"
          ],
          "labels": [
            "done",
            "begin"
          ],
          "op": "br"
        },
        {
          "args": [
            "input"
          ],
          "dest": "digit",
          "funcs": [
            "peel_last_digit"
          ],
          "op": "call",
          "type": "int"
        },
        {
          "dest": "ten",
          "op": "const",
          "type": "int",
          "value": 10
        },
        {
          "args": [
            "input",
            "ten"
          ],
          "dest": "div_by_ten",
          "op": "div",
          "type": "int"
        },
        {
          "args": [
            "div_by_ten",
            "ten"
          ],
          "dest": "mul_by_ten",
          "op": "mul",
          "type": "int"
        },
        {
          "args": [
            "input",
            "mul_by_ten"
          ],
          "dest": "last_digit",
          "op": "sub",
          "type": "int"
        },
        {
          "args": [
            "last_digit"
          ],
          "op": "ret"
        },
        {
          "args": [
            "input",
            "ten"
          ],
          "dest": "input",
          "op": "div",
          "type": "int"
        },
        {
          "args": [
            "result",
            "digit"
          ],
          "dest": "result",
          "op": "add",
          "type": "int"
        },
        {
          "args": [
            "result"
          ],
          "op": "print"
        },
        {
          "args": [
            "result"
          ],
          "dest": "processed",
          "funcs": [
            "is_single_digit"
          ],
          "op": "call",
          "type": "bool"
        },
        {
          "dest": "ten",
          "op": "const",
          "type": "int",
          "value": 10
        },
        {
          "dest": "zero",
          "op": "const",
          "type": "int",
          "value": 0
        },
        {
          "args": [
            "input",
            "ten"
          ],
          "dest": "divided",
          "op": "div",
          "type": "int"
        },
        {
          "args": [
            "divided",
            "ten"
          ],
          "dest": "mul_by_ten",
          "op": "mul",
          "type": "int"
        },
        {
          "args": [
            "mul_by_ten",
            "zero"
          ],
          "dest": "result",
          "op": "eq",
          "type": "bool"
        },
        {
          "args": [
            "result"
          ],
          "op": "ret"
        },
        {
          "args": [
            "processed"
          ],
          "labels": [
            "check_done",
            "process_result"
          ],
          "op": "br"
        },
        {
          "args": [
            "result"
          ],
          "dest": "r0",
          "funcs": [
            "peel_last_digit"
          ],
          "op": "call",
          "type": "int"
        },
        {
          "dest": "ten",
          "op": "const",
          "type": "int",
          "value": 10
        },
        {
          "args": [
            "input",
            "ten"
          ],
          "dest": "div_by_ten",
          "op": "div",
          "type": "int"
        },
        {
          "args": [
            "div_by_ten",
            "ten"
          ],
          "dest": "mul_by_ten",
          "op": "mul",
          "type": "int"
        },
        {
          "args": [
            "input",
            "mul_by_ten"
          ],
          "dest": "last_digit",
          "op": "sub",
          "type": "int"
        },
        {
          "args": [
            "last_digit"
          ],
          "op": "ret"
        },
        {
          "args": [
            "result",
            "ten"
          ],
          "dest": "result",
          "op": "div",
          "type": "int"
        },
        {
          "args": [
            "result",
            "r0"
          ],
          "dest": "result",
          "op": "add",
          "type": "int"
        },
        {
          "labels": [
            "check_result"
          ],
          "op": "jmp"
        },
        {
          "args": [
            "result"
          ],
          "op": "print"
        },
        {
          "args": [
            "result"
          ],
          "dest": "processed",
          "funcs": [
            "is_single_digit"
          ],
          "op": "call",
          "type": "bool"
        },
        {
          "dest": "ten",
          "op": "const",
          "type": "int",
          "value": 10
        },
        {
          "dest": "zero",
          "op": "const",
          "type": "int",
          "value": 0
        },
        {
          "args": [
            "input",
            "ten"
          ],
          "dest": "divided",
          "op": "div",
          "type": "int"
        },
        {
          "args": [
            "divided",
            "ten"
          ],
          "dest": "mul_by_ten",
          "op": "mul",
          "type": "int"
        },
        {
          "args": [
            "mul_by_ten",
            "zero"
          ],
          "dest": "result",
          "op": "eq",
          "type": "bool"
        },
        {
          "args": [
            "result"
          ],
          "op": "ret"
        },
        {
          "args": [
            "processed"
          ],
          "labels": [
            "check_done",
            "process_result"
          ],
          "op": "br"
        },
        {
          "args": [
            "input",
            "zero"
          ],
          "dest": "done",
          "op": "eq",
          "type": "bool"
        },
        {
          "args": [
            "done"
          ],
          "labels": [
            "done",
            "begin"
          ],
          "op": "br"
        },
        {
          "args": [
            "input"
          ],
          "dest": "digit",
          "funcs": [
            "peel_last_digit"
          ],
          "op": "call",
          "type": "int"
        },
        {
          "dest": "ten",
          "op": "const",
          "type": "int",
          "value": 10
        },
        {
          "args": [
            "input",
            "ten"
          ],
          "dest": "div_by_ten",
          "op": "div",
          "type": "int"
        },
        {
          "args": [
            "div_by_ten",
            "ten"
          ],
          "dest": "mul_by_ten",
          "op": "mul",
          "type": "int"
        },
        {
          "args": [
            "input",
            "mul_by_ten"
          ],
          "dest": "last_digit",
          "op": "sub",
          "type": "int"
        },
        {
          "args": [
            "last_digit"
          ],
          "op": "ret"
        },
        {
          "args": [
            "input",
            "ten"
          ],
          "dest": "input",
          "op": "div",
          "type": "int"
        },
        {
          "args": [
            "result",
            "digit"
          ],
          "dest": "result",
          "op": "add",
          "type": "int"
        },
        {
          "args": [
            "result"
          ],
          "op": "print"
        },
        {
          "args": [
            "result"
          ],
          "dest": "processed",
          "funcs": [
            "is_single_digit"
          ],
          "op": "call",
          "type": "bool"
        },
        {
          "dest": "ten",
          "op": "const",
          "type": "int",
          "value": 10
        },
        {
          "dest": "zero",
          "op": "const",
          "type": "int",
          "value": 0
        },
        {
          "args": [
            "input",
            "ten"
          ],
          "dest": "divided",
          "op": "div",
          "type": "int"
        },
        {
          "args": [
            "divided",
            "ten"
          ],
          "dest": "mul_by_ten",
          "op": "mul",
          "type": "int"
        },
        {
          "args": [
            "mul_by_ten",
            "zero"
          ],
          "dest": "result",
          "op": "eq",
          "type": "bool"
        },
        {
          "args": [
            "result"
          ],
          "op": "ret"
        },
        {
          "args": [
            "processed"
          ],
          "labels": [
            "check_done",
            "process_result"
          ],
          "op": "br"
        },
        {
          "args": [
            "input",
            "zero"
          ],
          "dest": "done",
          "op": "eq",
          "type": "bool"
        },
        {
          "args": [
            "done"
          ],
          "labels": [
            "done",
            "begin"
          ],
          "op": "br"
        },
        {
          "args": [
            "input"
          ],
          "dest": "digit",
          "funcs": [
            "peel_last_digit"
          ],
          "op": "call",
          "type": "int"
        },
        {
          "dest": "ten",
          "op": "const",
          "type": "int",
          "value": 10
        },
        {
          "args": [
            "input",
            "ten"
          ],
          "dest": "div_by_ten",
          "op": "div",
          "type": "int"
        },
        {
          "args": [
            "div_by_ten",
            "ten"
          ],
          "dest": "mul_by_ten",
          "op": "mul",
          "type": "int"
        },
        {
          "args": [
            "input",
            "mul_by_ten"
          ],
          "dest": "last_digit",
          "op": "sub",
          "type": "int"
        },
        {
          "args": [
            "last_digit"
          ],
          "op": "ret"
        },
        {
          "args": [
            "input",
            "ten"
          ],
          "dest": "input",
          "op": "div",
          "type": "int"
        },
        {
          "args": [
            "result",
            "digit"
          ],
          "dest": "result",
          "op": "add",
          "type": "int"
        },
        {
          "args": [
            "result"
          ],
          "op": "print"
        },
        {
          "args": [
            "result"
          ],
          "dest": "processed",
          "funcs": [
            "is_single_digit"
          ],
          "op": "call",
          "type": "bool"
        },
        {
          "dest": "ten",
          "op": "const",
          "type": "int",
          "value": 10
        },
        {
          "dest": "zero",
          "op": "const",
          "type": "int",
          "value": 0
        },
        {
          "args": [
            "input",
            "ten"
          ],
          "dest": "divided",
          "op": "div",
          "type": "int"
        },
        {
          "args": [
            "divided",
            "ten"
          ],
          "dest": "mul_by_ten",
          "op": "mul",
          "type": "int"
        },
        {
          "args": [
            "mul_by_ten",
            "zero"
          ],
          "dest": "result",
          "op": "eq",
          "type": "bool"
        },
        {
          "args": [
            "result"
          ],
          "op": "ret"
        },
        {
          "args": [
            "processed"
          ],
          "labels": [
            "check_done",
            "process_result"
          ],
          "op": "br"
        },
        {
          "args": [
            "result"
          ],
          "dest": "r0",
          "funcs": [
            "peel_last_digit"
          ],
          "op": "call",
          "type": "int"
        },
        {
          "dest": "ten",
          "op": "const",
          "type": "int",
          "value": 10
        },
        {
          "args": [
            "input",
            "ten"
          ],
          "dest": "div_by_ten",
          "op": "div",
          "type": "int"
        },
        {
          "args": [
            "div_by_ten",
            "ten"
          ],
          "dest": "mul_by_ten",
          "op": "mul",
          "type": "int"
        },
        {
          "args": [
            "input",
            "mul_by_ten"
          ],
          "dest": "last_digit",
          "op": "sub",
          "type": "int"
        },
        {
          "args": [
            "last_digit"
          ],
          "op": "ret"
        },
        {
          "args": [
            "result",
            "ten"
          ],
          "dest": "result",
          "op": "div",
          "type": "int"
        },
        {
          "args": [
            "result",
            "r0"
          ],
          "dest": "result",
          "op": "add",
          "type": "int"
        },
        {
          "labels": [
            "check_result"
          ],
          "op": "jmp"
        },
        {
          "args": [
            "result"
          ],
          "op": "print"
        },
        {
          "args": [
            "result"
          ],
          "dest": "processed",
          "funcs": [
            "is_single_digit"
          ],
          "op": "call",
          "type": "bool"
        },
        {
          "dest": "ten",
          "op": "const",
          "type": "int",
          "value": 10
        },
        {
          "dest": "zero",
          "op": "const",
          "type": "int",
          "value": 0
        },
        {
          "args": [
            "input",
            "ten"
          ],
          "dest": "divided",
          "op": "div",
          "type": "int"
        },
        {
          "args": [
            "divided",
            "ten"
          ],
          "dest": "mul_by_ten",
          "op": "mul",
          "type": "int"
        },
        {
          "args": [
            "mul_by_ten",
            "zero"
          ],
          "dest": "result",
          "op": "eq",
          "type": "bool"
        },
        {
          "args": [
            "result"
          ],
          "op": "ret"
        },
        {
          "args": [
            "processed"
          ],
          "labels": [
            "check_done",
            "process_result"
          ],
          "op": "br"
        },
        {
          "args": [
            "input",
            "zero"
          ],
          "dest": "done",
          "op": "eq",
          "type": "bool"
        },
        {
          "args": [
            "done"
          ],
          "labels": [
            "done",
            "begin"
          ],
          "op": "br"
        },
        {
          "args": [
            "input"
          ],
          "dest": "digit",
          "funcs": [
            "peel_last_digit"
          ],
          "op": "call",
          "type": "int"
        },
        {
          "dest": "ten",
          "op": "const",
          "type": "int",
          "value": 10
        },
        {
          "args": [
            "input",
            "ten"
          ],
          "dest": "div_by_ten",
          "op": "div",
          "type": "int"
        },
        {
          "args": [
            "div_by_ten",
            "ten"
          ],
          "dest": "mul_by_ten",
          "op": "mul",
          "type": "int"
        },
        {
          "args": [
            "input",
            "mul_by_ten"
          ],
          "dest": "last_digit",
          "op": "sub",
          "type": "int"
        },
        {
          "args": [
            "last_digit"
          ],
          "op": "ret"
        },
        {
          "args": [
            "input",
            "ten"
          ],
          "dest": "input",
          "op": "div",
          "type": "int"
        },
        {
          "args": [
            "result",
            "digit"
          ],
          "dest": "result",
          "op": "add",
          "type": "int"
        },
        {
          "args": [
            "result"
          ],
          "op": "print"
        },
        {
          "args": [
            "result"
          ],
          "dest": "processed",
          "funcs": [
            "is_single_digit"
          ],
          "op": "call",
          "type": "bool"
        },
        {
          "dest": "ten",
          "op": "const",
          "type": "int",
          "value": 10
        },
        {
          "dest": "zero",
          "op": "const",
          "type": "int",
          "value": 0
        },
        {
          "args": [
            "input",
            "ten"
          ],
          "dest": "divided",
          "op": "div",
          "type": "int"
        },
        {
          "args": [
            "divided",
            "ten"
          ],
          "dest": "mul_by_ten",
          "op": "mul",
          "type": "int"
        },
        {
          "args": [
            "mul_by_ten",
            "zero"
          ],
          "dest": "result",
          "op": "eq",
          "type": "bool"
        },
        {
          "args": [
            "result"
          ],
          "op": "ret"
        },
        {
          "args": [
            "processed"
          ],
          "labels": [
            "check_done",
            "process_result"
          ],
          "op": "br"
        },
        {
          "args": [
            "input",
            "zero"
          ],
          "dest": "done",
          "op": "eq",
          "type": "bool"
        },
        {
          "args": [
            "done"
          ],
          "labels": [
            "done",
            "begin"
          ],
          "op": "br"
        },
        {
          "args": [
            "input"
          ],
          "dest": "digit",
          "funcs": [
            "peel_last_digit"
          ],
          "op": "call",
          "type": "int"
        },
        {
          "dest": "ten",
          "op": "const",
          "type": "int",
          "value": 10
        },
        {
          "args": [
            "input",
            "ten"
          ],
          "dest": "div_by_ten",
          "op": "div",
          "type": "int"
        },
        {
          "args": [
            "div_by_ten",
            "ten"
          ],
          "dest": "mul_by_ten",
          "op": "mul",
          "type": "int"
        },
        {
          "args": [
            "input",
            "mul_by_ten"
          ],
          "dest": "last_digit",
          "op": "sub",
          "type": "int"
        },
        {
          "args": [
            "last_digit"
          ],
          "op": "ret"
        },
        {
          "args": [
            "input",
            "ten"
          ],
          "dest": "input",
          "op": "div",
          "type": "int"
        },
        {
          "args": [
            "result",
            "digit"
          ],
          "dest": "result",
          "op": "add",
          "type": "int"
        },
        {
          "args": [
            "result"
          ],
          "op": "print"
        },
        {
          "args": [
            "result"
          ],
          "dest": "processed",
          "funcs": [
            "is_single_digit"
          ],
          "op": "call",
          "type": "bool"
        },
        {
          "dest": "ten",
          "op": "const",
          "type": "int",
          "value": 10
        },
        {
          "dest": "zero",
          "op": "const",
          "type": "int",
          "value": 0
        },
        {
          "args": [
            "input",
            "ten"
          ],
          "dest": "divided",
          "op": "div",
          "type": "int"
        },
        {
          "args": [
            "divided",
            "ten"
          ],
          "dest": "mul_by_ten",
          "op": "mul",
          "type": "int"
        },
        {
          "args": [
            "mul_by_ten",
            "zero"
          ],
          "dest": "result",
          "op": "eq",
          "type": "bool"
        },
        {
          "args": [
            "result"
          ],
          "op": "ret"
        },
        {
          "args": [
            "processed"
          ],
          "labels": [
            "check_done",
            "process_result"
          ],
          "op": "br"
        },
        {
          "args": [
            "result"
          ],
          "dest": "r0",
          "funcs": [
            "peel_last_digit"
          ],
          "op": "call",
          "type": "int"
        },
        {
          "dest": "ten",
          "op": "const",
          "type": "int",
          "value": 10
        },
        {
          "args": [
            "input",
            "ten"
          ],
          "dest": "div_by_ten",
          "op": "div",
          "type": "int"
        },
        {
          "args": [
            "div_by_ten",
            "ten"
          ],
          "dest": "mul_by_ten",
          "op": "mul",
          "type": "int"
        },
        {
          "args": [
            "input",
            "mul_by_ten"
          ],
          "dest": "last_digit",
          "op": "sub",
          "type": "int"
        },
        {
          "args": [
            "last_digit"
          ],
          "op": "ret"
        },
        {
          "args": [
            "result",
            "ten"
          ],
          "dest": "result",
          "op": "div",
          "type": "int"
        },
        {
          "args": [
            "result",
            "r0"
          ],
          "dest": "result",
          "op": "add",
          "type": "int"
        },
        {
          "labels": [
            "check_result"
          ],
          "op": "jmp"
        },
        {
          "args": [
            "result"
          ],
          "op": "print"
        },
        {
          "args": [
            "result"
          ],
          "dest": "processed",
          "funcs": [
            "is_single_digit"
          ],
          "op": "call",
          "type": "bool"
        },
        {
          "dest": "ten",
          "op": "const",
          "type": "int",
          "value": 10
        },
        {
          "dest": "zero",
          "op": "const",
          "type": "int",
          "value": 0
        },
        {
          "args": [
            "input",
            "ten"
          ],
          "dest": "divided",
          "op": "div",
          "type": "int"
        },
        {
          "args": [
            "divided",
            "ten"
          ],
          "dest": "mul_by_ten",
          "op": "mul",
          "type": "int"
        },
        {
          "args": [
            "mul_by_ten",
            "zero"
          ],
          "dest": "result",
          "op": "eq",
          "type": "bool"
        },
        {
          "args": [
            "result"
          ],
          "op": "ret"
        },
        {
          "args": [
            "processed"
          ],
          "labels": [
            "check_done",
            "process_result"
          ],
          "op": "br"
        },
        {
          "args": [
            "input",
            "zero"
          ],
          "dest": "done",
          "op": "eq",
          "type": "bool"
        },
        {
          "args": [
            "done"
          ],
          "labels": [
            "done",
            "begin"
          ],
          "op": "br"
        },
        {
          "args": [
            "input"
          ],
          "dest": "digit",
          "funcs": [
            "peel_last_digit"
          ],
          "op": "call",
          "type": "int"
        },
        {
          "dest": "ten",
          "op": "const",
          "type": "int",
          "value": 10
        },
        {
          "args": [
            "input",
            "ten"
          ],
          "dest": "div_by_ten",
          "op": "div",
          "type": "int"
        },
        {
          "args": [
            "div_by_ten",
            "ten"
          ],
          "dest": "mul_by_ten",
          "op": "mul",
          "type": "int"
        },
        {
          "args": [
            "input",
            "mul_by_ten"
          ],
          "dest": "last_digit",
          "op": "sub",
          "type": "int"
        },
        {
          "args": [
            "last_digit"
          ],
          "op": "ret"
        },
        {
          "args": [
            "input",
            "ten"
          ],
          "dest": "input",
          "op": "div",
          "type": "int"
        },
        {
          "args": [
            "result",
            "digit"
          ],
          "dest": "result",
          "op": "add",
          "type": "int"
        },
        {
          "args": [
            "result"
          ],
          "op": "print"
        },
        {
          "args": [
            "result"
          ],
          "dest": "processed",
          "funcs": [
            "is_single_digit"
          ],
          "op": "call",
          "type": "bool"
        },
        {
          "dest": "ten",
          "op": "const",
          "type": "int",
          "value": 10
        },
        {
          "dest": "zero",
          "op": "const",
          "type": "int",
          "value": 0
        },
        {
          "args": [
            "input",
            "ten"
          ],
          "dest": "divided",
          "op": "div",
          "type": "int"
        },
        {
          "args": [
            "divided",
            "ten"
          ],
          "dest": "mul_by_ten",
          "op": "mul",
          "type": "int"
        },
        {
          "args": [
            "mul_by_ten",
            "zero"
          ],
          "dest": "result",
          "op": "eq",
          "type": "bool"
        },
        {
          "args": [
            "result"
          ],
          "op": "ret"
        },
        {
          "args": [
            "processed"
          ],
          "labels": [
            "check_done",
            "process_result"
          ],
          "op": "br"
        },
        {
          "args": [
            "input",
            "zero"
          ],
          "dest": "done",
          "op": "eq",
          "type": "bool"
        },
        {
          "args": [
            "done"
          ],
          "labels": [
            "done",
            "begin"
          ],
          "op": "br"
        },
        {
          "args": [
            "result"
          ],
          "op": "print"
        }
      ]
    }
  ]
}
