{
  "functions": [
    {
      "name": "main",
      "instrs": [
        {
          "dest": "vc0",
          "op": "const",
          "type": "int",
          "value": 0
        },
        {
          "args": [
            "op1"
          ],
          "dest": "v0",
          "op": "id",
          "type": "int"
        },
        {
          "args": [
            "op2"
          ],
          "dest": "v1",
          "op": "id",
          "type": "int"
        },
        {
          "args": [
            "v0",
            "v1"
          ],
          "dest": "v2",
          "op": "lt",
          "type": "bool"
        },
        {
          "args": [
            "v2"
          ],
          "labels": [
            "if.1",
            "else.1"
          ],
          "op": "br"
        },
        {
          "args": [
            "v1",
            "v0"
          ],
          "dest": "v3",
          "op": "sub",
          "type": "int"
        },
        {
          "labels": [
            "loop.bound"
          ],
          "op": "jmp"
        },
        {
          "args": [
            "v3",
            "vc0"
          ],
          "dest": "v4",
          "op": "eq",
          "type": "bool"
        },
        {
          "args": [
            "v4"
          ],
          "labels": [
            "program.end",
            "update.val"
          ],
          "op": "br"
        },
        {
          "args": [
            "v2"
          ],
          "labels": [
            "if.2",
            "else.2"
          ],
          "op": "br"
        },
        {
          "args": [
            "v3"
          ],
          "dest": "v1",
          "op": "id",
          "type": "int"
        },
        {
          "labels": [
            "cmp.val"
          ],
          "op": "jmp"
        },
        {
          "args": [
            "v0",
            "v1"
          ],
          "dest": "v2",
          "op": "lt",
          "type": "bool"
        },
        {
          "args": [
            "v2"
          ],
          "labels": [
            "if.1",
            "else.1"
          ],
          "op": "br"
        },
        {
          "args": [
            "v1",
            "v0"
          ],
          "dest": "v3",
          "op": "sub",
          "type": "int"
        },
        {
          "labels": [
            "loop.bound"
          ],
          "op": "jmp"
        },
        {
          "args": [
            "v3",
            "vc0"
          ],
          "dest": "v4",
          "op": "eq",
          "type": "bool"
        },
        {
          "args": [
            "v4"
          ],
          "labels": [
            "program.end",
            "update.val"
          ],
          "op": "br"
        },
        {
          "args": [
            "v2"
          ],
          "labels": [
            "if.2",
            "else.2"
          ],
          "op": "br"
        },
        {
          "args": [
            "v3"
          ],
          "dest": "v1",
          "op": "id",
          "type": "int"
        },
        {
          "labels": [
            "cmp.val"
          ],
          "op": "jmp"
        },
        {
          "args": [
            "v0",
            "v1"
          ],
          "dest": "v2",
          "op": "lt",
          "type": "bool"
        },
        {
          "args": [
            "v2"
          ],
          "labels": [
            "if.1",
            "else.1"
          ],
          "op": "br"
        },
        {
          "args": [
            "v1",
            "v0"
          ],
          "dest": "v3",
          "op": "sub",
          "type": "int"
        },
        {
          "labels": [
            "loop.bound"
          ],
          "op": "jmp"
        },
        {
          "args": [
            "v3",
            "vc0"
          ],
          "dest": "v4",
          "op": "eq",
          "type": "bool"
        },
        {
          "args": [
            "v4"
          ],
          "labels": [
            "program.end",
            "update.val"
          ],
          "op": "br"
        },
        {
          "args": [
            "v2"
          ],
          "labels": [
            "if.2",
            "else.2"
          ],
          "op": "br"
        },
        {
          "args": [
            "v3"
          ],
          "dest": "v1",
          "op": "id",
          "type": "int"
        },
        {
          "labels": [
            "cmp.val"
          ],
          "op": "jmp"
        },
        {
          "args": [
            "v0",
            "v1"
          ],
          "dest": "v2",
          "op": "lt",
          "type": "bool"
        },
        {
          "args": [
            "v2"
          ],
          "labels": [
            "if.1",
            "else.1"
          ],
          "op": "br"
        },
        {
          "args": [
            "v1",
            "v0"
          ],
          "dest": "v3",
          "op": "sub",
          "type": "int"
        },
        {
          "labels": [
            "loop.bound"
          ],
          "op": "jmp"
        },
        {
          "args": [
            "v3",
            "vc0"
          ],
          "dest": "v4",
          "op": "eq",
          "type": "bool"
        },
        {
          "args": [
            "v4"
          ],
          "labels": [
            "program.end",
            "update.val"
          ],
          "op": "br"
        },
        {
          "args": [
            "v2"
          ],
          "labels": [
            "if.2",
            "else.2"
          ],
          "op": "br"
        },
        {
          "args": [
            "v3"
          ],
          "dest": "v1",
          "op": "id",
          "type": "int"
        },
        {
          "labels": [
            "cmp.val"
          ],
          "op": "jmp"
        },
        {
          "args": [
            "v0",
            "v1"
          ],
          "dest": "v2",
          "op": "lt",
          "type": "bool"
        },
        {
          "args": [
            "v2"
          ],
          "labels": [
            "if.1",
            "else.1"
          ],
          "op": "br"
        },
        {
          "args": [
            "v0",
            "v1"
          ],
          "dest": "v3",
          "op": "sub",
          "type": "int"
        },
        {
          "labels": [
            "loop.bound"
          ],
          "op": "jmp"
        },
        {
          "args": [
            "v3",
            "vc0"
          ],
          "dest": "v4",
          "op": "eq",
          "type": "bool"
        },
        {
          "args": [
            "v4"
          ],
          "labels": [
            "program.end",
            "update.val"
          ],
          "op": "br"
        },
        {
          "args": [
            "v1"
          ],
          "op": "print"
        }
      ]
    }
  ]
}
