{
  "functions": [
    {
      "name": "main",
      "instrs": [
        {
          "args": [
            "input"
          ],
          "dest": "x",
          "op": "id",
          "type": "int"
        },
        {
          "args": [
            "x"
          ],
          "dest": "v1",
          "op": "id",
          "type": "int"
        },
        {
          "args": [
            "v1"
          ],
          "dest": "f",
          "funcs": [
            "fac"
          ],
          "op": "call",
          "type": "int"
        },
        {
          "args": [
            "x"
          ],
          "dest": "v1",
          "op": "id",
          "type": "int"
        },
        {
          "dest": "v2",
          "op": "const",
          "type": "int",
          "value": 1
        },
        {
          "args": [
            "v1",
            "v2"
          ],
          "dest": "v3",
          "op": "le",
          "type": "bool"
        },
        {
          "args": [
            "v3"
          ],
          "labels": [
            "then.0",
            "else.0"
          ],
          "op": "br"
        },
        {
          "args": [
            "x"
          ],
          "dest": "v5",
          "op": "id",
          "type": "int"
        },
        {
          "args": [
            "x"
          ],
          "dest": "v6",
          "op": "id",
          "type": "int"
        },
        {
          "dest": "v7",
          "op": "const",
          "type": "int",
          "value": 1
        },
        {
          "args": [
            "v6",
            "v7"
          ],
          "dest": "v8",
          "op": "sub",
          "type": "int"
        },
        {
          "args": [
            "v8"
          ],
          "dest": "v9",
          "funcs": [
            "fac"
          ],
          "op": "call",
          "type": "int"
        },
        {
          "args": [
            "x"
          ],
          "dest": "v1",
          "op": "id",
          "type": "int"
        },
        {
          "dest": "v2",
          "op": "const",
          "type": "int",
          "value": 1
        },
        {
          "args": [
            "v1",
            "v2"
          ],
          "dest": "v3",
          "op": "le",
          "type": "bool"
        },
        {
          "args": [
            "v3"
          ],
          "labels": [
            "then.0",
            "else.0"
          ],
          "op": "br"
        },
        {
          "args": [
            "x"
          ],
          "dest": "v5",
          "op": "id",
          "type": "int"
        },
        {
          "args": [
            "x"
          ],
          "dest": "v6",
          "op": "id",
          "type": "int"
        },
        {
          "dest": "v7",
          "op": "const",
          "type": "int",
          "value": 1
        },
        {
          "args": [
            "v6",
            "v7"
          ],
          "dest": "v8",
          "op": "sub",
          "type": "int"
        },
        {
          "args": [
            "v8"
          ],
          "dest": "v9",
          "funcs": [
            "fac"
          ],
          "op": "call",
          "type": "int"
        },
        {
          "args": [
            "x"
          ],
          "dest": "v1",
          "op": "id",
          "type": "int"
        },
        {
          "dest": "v2",
          "op": "const",
          "type": "int",
          "value": 1
        },
        {
          "args": [
            "v1",
            "v2"
          ],
          "dest": "v3",
          "op": "le",
          "type": "bool"
        },
        {
          "args": [
            "v3"
          ],
          "labels": [
            "then.0",
            "else.0"
          ],
          "op": "br"
        },
        {
          "args": [
            "x"
          ],
          "dest": "v5",
          "op": "id",
          "type": "int"
        },
        {
          "args": [
            "x"
          ],
          "dest": "v6",
          "op": "id",
          "type": "int"
        },
        {
          "dest": "v7",
          "op": "const",
          "type": "int",
          "value": 1
        },
        {
          "args": [
            "v6",
            "v7"
          ],
          "dest": "v8",
          "op": "sub",
          "type": "int"
        },
        {
          "args": [
            "v8"
          ],
          "dest": "v9",
          "funcs": [
            "fac"
          ],
          "op": "call",
          "type": "int"
        },
        {
          "args": [
            "x"
          ],
          "dest": "v1",
          "op": "id",
          "type": "int"
        },
        {
          "dest": "v2",
          "op": "const",
          "type": "int",
          "value": 1
        },
        {
          "args": [
            "v1",
            "v2"
          ],
          "dest": "v3",
          "op": "le",
          "type": "bool"
        },
        {
          "args": [
            "v3"
          ],
          "labels": [
            "then.0",
            "else.0"
          ],
          "op": "br"
        },
        {
          "args": [
            "x"
          ],
          "dest": "v5",
          "op": "id",
          "type": "int"
        },
        {
          "args": [
            "x"
          ],
          "dest": "v6",
          "op": "id",
          "type": "int"
        },
        {
          "dest": "v7",
          "op": "const",
          "type": "int",
          "value": 1
        },
        {
          "args": [
            "v6",
            "v7"
          ],
          "dest": "v8",
          "op": "sub",
          "type": "int"
        },
        {
          "args": [
            "v8"
          ],
          "dest": "v9",
          "funcs": [
            "fac"
          ],
          "op": "call",
          "type": "int"
        },
        {
          "args": [
            "x"
          ],
          "dest": "v1",
          "op": "id",
          "type": "int"
        },
        {
          "dest": "v2",
          "op": "const",
          "type": "int",
          "value": 1
        },
        {
          "args": [
            "v1",
            "v2"
          ],
          "dest": "v3",
          "op": "le",
          "type": "bool"
        },
        {
          "args": [
            "v3"
          ],
          "labels": [
            "then.0",
            "else.0"
          ],
          "op": "br"
        },
        {
          "args": [
            "x"
          ],
          "dest": "v5",
          "op": "id",
          "type": "int"
        },
        {
          "args": [
            "x"
          ],
          "dest": "v6",
          "op": "id",
          "type": "int"
        },
        {
          "dest": "v7",
          "op": "const",
          "type": "int",
          "value": 1
        },
        {
          "args": [
            "v6",
            "v7"
          ],
          "dest": "v8",
          "op": "sub",
          "type": "int"
        },
        {
          "args": [
            "v8"
          ],
          "dest": "v9",
          "funcs": [
            "fac"
          ],
          "op": "call",
          "type": "int"
        },
        {
          "args": [
            "x"
          ],
          "dest": "v1",
          "op": "id",
          "type": "int"
        },
        {
          "dest": "v2",
          "op": "const",
          "type": "int",
          "value": 1
        },
        {
          "args": [
            "v1",
            "v2"
          ],
          "dest": "v3",
          "op": "le",
          "type": "bool"
        },
        {
          "args": [
            "v3"
          ],
          "labels": [
            "then.0",
            "else.0"
          ],
          "op": "br"
        },
        {
          "args": [
            "x"
          ],
          "dest": "v5",
          "op": "id",
          "type": "int"
        },
        {
          "args": [
            "x"
          ],
          "dest": "v6",
          "op": "id",
          "type": "int"
        },
        {
          "dest": "v7",
          "op": "const",
          "type": "int",
          "value": 1
        },
        {
          "args": [
            "v6",
            "v7"
          ],
          "dest": "v8",
          "op": "sub",
          "type": "int"
        },
        {
          "args": [
            "v8"
          ],
          "dest": "v9",
          "funcs": [
            "fac"
          ],
          "op": "call",
          "type": "int"
        },
        {
          "args": [
            "x"
          ],
          "dest": "v1",
          "op": "id",
          "type": "int"
        },
        {
          "dest": "v2",
          "op": "const",
          "type": "int",
          "value": 1
        },
        {
          "args": [
            "v1",
            "v2"
          ],
          "dest": "v3",
          "op": "le",
          "type": "bool"
        },
        {
          "args": [
            "v3"
          ],
          "labels": [
            "then.0",
            "else.0"
          ],
          "op": "br"
        },
        {
          "args": [
            "x"
          ],
          "dest": "v5",
          "op": "id",
          "type": "int"
        },
        {
          "args": [
            "x"
          ],
          "dest": "v6",
          "op": "id",
          "type": "int"
        },
        {
          "dest": "v7",
          "op": "const",
          "type": "int",
          "value": 1
        },
        {
          "args": [
            "v6",
            "v7"
          ],
          "dest": "v8",
          "op": "sub",
          "type": "int"
        },
        {
          "args": [
            "v8"
          ],
          "dest": "v9",
          "funcs": [
            "fac"
          ],
          "op": "call",
          "type": "int"
        },
        {
          "args": [
            "x"
          ],
          "dest": "v1",
          "op": "id",
          "type": "int"
        },
        {
          "dest": "v2",
          "op": "const",
          "type": "int",
          "value": 1
        },
        {
          "args": [
            "v1",
            "v2"
          ],
          "dest": "v3",
          "op": "le",
          "type": "bool"
        },
        {
          "args": [
            "v3"
          ],
          "labels": [
            "then.0",
            "else.0"
          ],
          "op": "br"
        },
        {
          "dest": "v4",
          "op": "const",
          "type": "int",
          "value": 1
        },
        {
          "args": [
            "v4"
          ],
          "op": "ret"
        },
        {
          "args": [
            "v5",
            "v9"
          ],
          "dest": "v10",
          "op": "mul",
          "type": "int"
        },
        {
          "args": [
            "v10"
          ],
          "dest": "result",
          "op": "id",
          "type": "int"
        },
        {
          "args": [
            "result"
          ],
          "dest": "v11",
          "op": "id",
          "type": "int"
        },
        {
          "args": [
            "v11"
          ],
          "op": "ret"
        },
        {
          "args": [
            "v5",
            "v9"
          ],
          "dest": "v10",
          "op": "mul",
          "type": "int"
        },
        {
          "args": [
            "v10"
          ],
          "dest": "result",
          "op": "id",
          "type": "int"
        },
        {
          "args": [
            "result"
          ],
          "dest": "v11",
          "op": "id",
          "type": "int"
        },
        {
          "args": [
            "v11"
          ],
          "op": "ret"
        },
        {
          "args": [
            "v5",
            "v9"
          ],
          "dest": "v10",
          "op": "mul",
          "type": "int"
        },
        {
          "args": [
            "v10"
          ],
          "dest": "result",
          "op": "id",
          "type": "int"
        },
        {
          "args": [
            "result"
          ],
          "dest": "v11",
          "op": "id",
          "type": "int"
        },
        {
          "args": [
            "v11"
          ],
          "op": "ret"
        },
        {
          "args": [
            "v5",
            "v9"
          ],
          "dest": "v10",
          "op": "mul",
          "type": "int"
        },
        {
          "args": [
            "v10"
          ],
          "dest": "result",
          "op": "id",
          "type": "int"
        },
        {
          "args": [
            "result"
          ],
          "dest": "v11",
          "op": "id",
          "type": "int"
        },
        {
          "args": [
            "v11"
          ],
          "op": "ret"
        },
        {
          "args": [
            "v5",
            "v9"
          ],
          "dest": "v10",
          "op": "mul",
          "type": "int"
        },
        {
          "args": [
            "v10"
          ],
          "dest": "result",
          "op": "id",
          "type": "int"
        },
        {
          "args": [
            "result"
          ],
          "dest": "v11",
          "op": "id",
          "type": "int"
        },
        {
          "args": [
            "v11"
          ],
          "op": "ret"
        },
        {
          "args": [
            "v5",
            "v9"
          ],
          "dest": "v10",
          "op": "mul",
          "type": "int"
        },
        {
          "args": [
            "v10"
          ],
          "dest": "result",
          "op": "id",
          "type": "int"
        },
        {
          "args": [
            "result"
          ],
          "dest": "v11",
          "op": "id",
          "type": "int"
        },
        {
          "args": [
            "v11"
          ],
          "op": "ret"
        },
        {
          "args": [
            "v5",
            "v9"
          ],
          "dest": "v10",
          "op": "mul",
          "type": "int"
        },
        {
          "args": [
            "v10"
          ],
          "dest": "result",
          "op": "id",
          "type": "int"
        },
        {
          "args": [
            "result"
          ],
          "dest": "v11",
          "op": "id",
          "type": "int"
        },
        {
          "args": [
            "v11"
          ],
          "op": "ret"
        },
        {
          "args": [
            "f"
          ],
          "dest": "f",
          "op": "id",
          "type": "int"
        },
        {
          "args": [
            "f"
          ],
          "dest": "v2",
          "op": "id",
          "type": "int"
        },
        {
          "args": [
            "v2"
          ],
          "op": "print"
        },
        {
          "dest": "v3",
          "op": "const",
          "type": "int",
          "value": 0
        }
      ]
    }
  ]
}
