{
  "functions": [
    {
      "name": "main",
      "instrs": [
        {
          "args": [
            "x1",
            "y1"
          ],
          "dest": "a1",
          "funcs": [
            "area"
          ],
          "op": "call",
          "type": "int"
        },
        {
          "args": [
            "x",
            "y"
          ],
          "dest": "area",
          "op": "mul",
          "type": "int"
        },
        {
          "args": [
            "area"
          ],
          "op": "print"
        },
        {
          "args": [
            "area"
          ],
          "op": "ret"
        },
        {
          "args": [
            "x2",
            "y2"
          ],
          "dest": "a2",
          "funcs": [
            "area"
          ],
          "op": "call",
          "type": "int"
        },
        {
          "args": [
            "x",
            "y"
          ],
          "dest": "area",
          "op": "mul",
          "type": "int"
        },
        {
          "args": [
            "area"
          ],
          "op": "print"
        },
        {
          "args": [
            "area"
          ],
          "op": "ret"
        },
        {
          "args": [
            "a1",
            "a2"
          ],
          "dest": "res",
          "op": "sub",
          "type": "int"
        },
        {
          "args": [
            "a1",
            "a2"
          ],
          "dest": "a1_bigger",
          "op": "gt",
          "type": "bool"
        },
        {
          "args": [
            "a1_bigger"
          ],
          "labels": [
            "end",
            "flip"
          ],
          "op": "br"
        },
        {
          "dest": "neg1",
          "op": "const",
          "type": "int",
          "value": -1
        },
        {
          "args": [
            "res",
            "neg1"
          ],
          "dest": "res",
          "op": "mul",
          "type": "int"
        },
        {
          "args": [
            "res"
          ],
          "op": "print"
        }
      ]
    }
  ]
}
